out/groundsdk-android/gradle/groundsdkdemo/outputs/logs/manifest-merger-debug-report.txt
-- Merging decision tree log ---
manifest
ADDED from src/main/AndroidManifest.xml:35:1-232:12
INJECTED from src/main/AndroidManifest.xml:35:1-232:12
INJECTED from src/main/AndroidManifest.xml:35:1-232:12
INJECTED from src/main/AndroidManifest.xml:35:1-232:12
MERGED from [:arsdkengine] AndroidManifest.xml:33:1-53:12
MERGED from [:groundsdk] AndroidManifest.xml:33:1-77:12
MERGED from [:sdkcore] AndroidManifest.xml:33:1-55:12
MERGED from [com.google.android.material:material:1.3.0] AndroidManifest.xml:17:1-24:12
MERGED from [androidx.dynamicanimation:dynamicanimation:1.0.0] AndroidManifest.xml:17:1-22:12
MERGED from [androidx.legacy:legacy-support-core-utils:1.0.0] AndroidManifest.xml:17:1-22:12
MERGED from [androidx.localbroadcastmanager:localbroadcastmanager:1.0.0] AndroidManifest.xml:17:1-22:12
MERGED from [com.google.android.gms:play-services-location:17.0.0] AndroidManifest.xml:2:1-9:12
MERGED from [com.google.android.gms:play-services-maps:17.0.0] AndroidManifest.xml:17:1-38:12
MERGED from [androidx.constraintlayout:constraintlayout:2.0.4] AndroidManifest.xml:2:1-11:12
MERGED from [androidx.swiperefreshlayout:swiperefreshlayout:1.1.0] AndroidManifest.xml:17:1-24:12
MERGED from [androidx.appcompat:appcompat:1.2.0] AndroidManifest.xml:17:1-24:12
MERGED from [com.google.android.gms:play-services-base:17.0.0] AndroidManifest.xml:17:1-29:12
MERGED from [com.google.android.gms:play-services-places-placereport:17.0.0] AndroidManifest.xml:17:1-24:12
MERGED from [com.google.android.gms:play-services-tasks:17.0.0] AndroidManifest.xml:2:1-9:12
MERGED from [com.google.android.gms:play-services-basement:17.0.0] AndroidManifest.xml:17:1-28:12
MERGED from [androidx.coordinatorlayout:coordinatorlayout:1.1.0] AndroidManifest.xml:17:1-24:12
MERGED from [androidx.transition:transition:1.2.0] AndroidManifest.xml:17:1-24:12
MERGED from [androidx.appcompat:appcompat-resources:1.2.0] AndroidManifest.xml:17:1-24:12
MERGED from [androidx.vectordrawable:vectordrawable-animated:1.1.0] AndroidManifest.xml:17:1-24:12
MERGED from [androidx.vectordrawable:vectordrawable:1.1.0] AndroidManifest.xml:17:1-24:12
MERGED from [androidx.viewpager2:viewpager2:1.0.0] AndroidManifest.xml:17:1-24:12
MERGED from [androidx.fragment:fragment:1.1.0] AndroidManifest.xml:17:1-24:12
MERGED from [androidx.loader:loader:1.0.0] AndroidManifest.xml:17:1-22:12
MERGED from [androidx.drawerlayout:drawerlayout:1.0.0] AndroidManifest.xml:17:1-22:12
MERGED from [androidx.recyclerview:recyclerview:1.1.0] AndroidManifest.xml:17:1-24:12
MERGED from [androidx.viewpager:viewpager:1.0.0] AndroidManifest.xml:17:1-22:12
MERGED from [androidx.customview:customview:1.0.0] AndroidManifest.xml:17:1-22:12
MERGED from [androidx.activity:activity:1.0.0] AndroidManifest.xml:17:1-24:12
MERGED from [androidx.core:core:1.3.1] AndroidManifest.xml:17:1-26:12
MERGED from [androidx.interpolator:interpolator:1.0.0] AndroidManifest.xml:17:1-22:12
MERGED from [androidx.cardview:cardview:1.0.0] AndroidManifest.xml:17:1-22:12
MERGED from [androidx.cursoradapter:cursoradapter:1.0.0] AndroidManifest.xml:17:1-22:12
MERGED from [androidx.versionedparcelable:versionedparcelable:1.1.0] AndroidManifest.xml:17:1-27:12
MERGED from [androidx.documentfile:documentfile:1.0.0] AndroidManifest.xml:17:1-22:12
MERGED from [androidx.print:print:1.0.0] AndroidManifest.xml:17:1-22:12
MERGED from [androidx.lifecycle:lifecycle-livedata:2.0.0] AndroidManifest.xml:17:1-22:12
MERGED from [androidx.lifecycle:lifecycle-livedata-core:2.0.0] AndroidManifest.xml:17:1-22:12
MERGED from [androidx.arch.core:core-runtime:2.0.0] AndroidManifest.xml:17:1-22:12
MERGED from [androidx.lifecycle:lifecycle-runtime:2.1.0] AndroidManifest.xml:17:1-22:12
MERGED from [androidx.lifecycle:lifecycle-viewmodel:2.1.0] AndroidManifest.xml:17:1-22:12
MERGED from [androidx.savedstate:savedstate:1.0.0] AndroidManifest.xml:17:1-24:12
MERGED from [androidx.annotation:annotation-experimental:1.0.0] AndroidManifest.xml:17:1-24:12
INJECTED from src/main/AndroidManifest.xml:35:1-232:12
INJECTED from src/main/AndroidManifest.xml:35:1-232:12
INJECTED from src/main/AndroidManifest.xml:35:1-232:12
	package
		ADDED from src/main/AndroidManifest.xml:38:5-45
		INJECTED from src/main/AndroidManifest.xml
		INJECTED from src/main/AndroidManifest.xml
	android:versionName
		INJECTED from src/main/AndroidManifest.xml
		ADDED from src/main/AndroidManifest.xml:35:1-232:12
		INJECTED from src/main/AndroidManifest.xml
	xmlns:tools
		ADDED from src/main/AndroidManifest.xml:37:5-51
	android:versionCode
		INJECTED from src/main/AndroidManifest.xml
		ADDED from src/main/AndroidManifest.xml:35:1-232:12
		INJECTED from src/main/AndroidManifest.xml
	xmlns:android
		ADDED from src/main/AndroidManifest.xml:36:5-63
uses-permission#android.permission.CAMERA
ADDED from src/main/AndroidManifest.xml:40:5-64
	android:name
		ADDED from src/main/AndroidManifest.xml:40:22-62
application
ADDED from src/main/AndroidManifest.xml:42:5-230:19
MERGED from [:arsdkengine] AndroidManifest.xml:45:5-51:19
MERGED from [:arsdkengine] AndroidManifest.xml:45:5-51:19
MERGED from [:groundsdk] AndroidManifest.xml:59:5-75:19
MERGED from [:groundsdk] AndroidManifest.xml:59:5-75:19
MERGED from [:sdkcore] AndroidManifest.xml:53:5-60
MERGED from [:sdkcore] AndroidManifest.xml:53:5-60
MERGED from [com.google.android.material:material:1.3.0] AndroidManifest.xml:22:5-20
MERGED from [com.google.android.material:material:1.3.0] AndroidManifest.xml:22:5-20
MERGED from [com.google.android.gms:play-services-location:17.0.0] AndroidManifest.xml:7:5-20
MERGED from [com.google.android.gms:play-services-location:17.0.0] AndroidManifest.xml:7:5-20
MERGED from [com.google.android.gms:play-services-maps:17.0.0] AndroidManifest.xml:30:5-36:19
MERGED from [com.google.android.gms:play-services-maps:17.0.0] AndroidManifest.xml:30:5-36:19
MERGED from [androidx.constraintlayout:constraintlayout:2.0.4] AndroidManifest.xml:9:5-20
MERGED from [androidx.constraintlayout:constraintlayout:2.0.4] AndroidManifest.xml:9:5-20
MERGED from [com.google.android.gms:play-services-base:17.0.0] AndroidManifest.xml:22:5-27:19
MERGED from [com.google.android.gms:play-services-base:17.0.0] AndroidManifest.xml:22:5-27:19
MERGED from [com.google.android.gms:play-services-places-placereport:17.0.0] AndroidManifest.xml:22:5-20
MERGED from [com.google.android.gms:play-services-places-placereport:17.0.0] AndroidManifest.xml:22:5-20
MERGED from [com.google.android.gms:play-services-tasks:17.0.0] AndroidManifest.xml:7:5-20
MERGED from [com.google.android.gms:play-services-tasks:17.0.0] AndroidManifest.xml:7:5-20
MERGED from [com.google.android.gms:play-services-basement:17.0.0] AndroidManifest.xml:22:5-26:19
MERGED from [com.google.android.gms:play-services-basement:17.0.0] AndroidManifest.xml:22:5-26:19
MERGED from [androidx.core:core:1.3.1] AndroidManifest.xml:24:5-89
MERGED from [androidx.core:core:1.3.1] AndroidManifest.xml:24:5-89
MERGED from [androidx.versionedparcelable:versionedparcelable:1.1.0] AndroidManifest.xml:24:5-25:19
MERGED from [androidx.versionedparcelable:versionedparcelable:1.1.0] AndroidManifest.xml:24:5-25:19
	android:requestLegacyExternalStorage
		ADDED from src/main/AndroidManifest.xml:43:9-52
	android:extractNativeLibs
		ADDED from src/main/AndroidManifest.xml:45:9-42
	android:appComponentFactory
		ADDED from [androidx.core:core:1.3.1] AndroidManifest.xml:24:18-86
	android:supportsRtl
		ADDED from src/main/AndroidManifest.xml:48:9-35
	android:label
		ADDED from src/main/AndroidManifest.xml:47:9-41
	tools:ignore
		ADDED from src/main/AndroidManifest.xml:50:9-48
	tools:targetApi
		ADDED from src/main/AndroidManifest.xml:51:9-29
	android:icon
		ADDED from src/main/AndroidManifest.xml:46:9-43
	android:allowBackup
		ADDED from src/main/AndroidManifest.xml:44:9-36
	android:networkSecurityConfig
		ADDED from [:arsdkengine] AndroidManifest.xml:46:9-69
	android:theme
		ADDED from src/main/AndroidManifest.xml:49:9-47
activity#com.parrot.drone.groundsdkdemo.DeviceListActivity
ADDED from src/main/AndroidManifest.xml:52:9-60:20
	android:launchMode
		ADDED from src/main/AndroidManifest.xml:54:13-43
	android:theme
		ADDED from src/main/AndroidManifest.xml:55:13-56
	android:name
		ADDED from src/main/AndroidManifest.xml:53:13-47
intent-filter#action:name:android.intent.action.MAIN+category:name:android.intent.category.LAUNCHER
ADDED from src/main/AndroidManifest.xml:56:13-59:29
action#android.intent.action.MAIN
ADDED from src/main/AndroidManifest.xml:57:17-68
	android:name
		ADDED from src/main/AndroidManifest.xml:57:25-66
category#android.intent.category.LAUNCHER
ADDED from src/main/AndroidManifest.xml:58:17-76
	android:name
		ADDED from src/main/AndroidManifest.xml:58:27-74
activity#com.parrot.drone.groundsdkdemo.info.FacilitiesInfoActivity
ADDED from src/main/AndroidManifest.xml:62:9-65:46
	android:label
		ADDED from src/main/AndroidManifest.xml:64:13-62
	android:theme
		ADDED from src/main/AndroidManifest.xml:65:13-44
	android:name
		ADDED from src/main/AndroidManifest.xml:63:13-56
activity#com.parrot.drone.groundsdkdemo.info.DroneInfoActivity
ADDED from src/main/AndroidManifest.xml:66:9-68:46
	android:theme
		ADDED from src/main/AndroidManifest.xml:68:13-44
	android:name
		ADDED from src/main/AndroidManifest.xml:67:13-51
activity#com.parrot.drone.groundsdkdemo.info.RCInfoActivity
ADDED from src/main/AndroidManifest.xml:69:9-71:46
	android:theme
		ADDED from src/main/AndroidManifest.xml:71:13-44
	android:name
		ADDED from src/main/AndroidManifest.xml:70:13-48
activity#com.parrot.drone.groundsdkdemo.settings.ManualCopterSettingsActivity
ADDED from src/main/AndroidManifest.xml:72:9-75:46
	android:label
		ADDED from src/main/AndroidManifest.xml:74:13-74
	android:theme
		ADDED from src/main/AndroidManifest.xml:75:13-44
	android:name
		ADDED from src/main/AndroidManifest.xml:73:13-66
activity#com.parrot.drone.groundsdkdemo.peripheral.Magnetometer3StepCalibrationActivity
ADDED from src/main/AndroidManifest.xml:76:9-79:46
	android:label
		ADDED from src/main/AndroidManifest.xml:78:13-76
	android:theme
		ADDED from src/main/AndroidManifest.xml:79:13-44
	android:name
		ADDED from src/main/AndroidManifest.xml:77:13-76
activity#com.parrot.drone.groundsdkdemo.peripheral.Magnetometer1StepCalibrationActivity
ADDED from src/main/AndroidManifest.xml:80:9-83:46
	android:label
		ADDED from src/main/AndroidManifest.xml:82:13-76
	android:theme
		ADDED from src/main/AndroidManifest.xml:83:13-44
	android:name
		ADDED from src/main/AndroidManifest.xml:81:13-76
activity#com.parrot.drone.groundsdkdemo.settings.ReturnHomeSettingsActivity
ADDED from src/main/AndroidManifest.xml:84:9-87:46
	android:label
		ADDED from src/main/AndroidManifest.xml:86:13-72
	android:theme
		ADDED from src/main/AndroidManifest.xml:87:13-44
	android:name
		ADDED from src/main/AndroidManifest.xml:85:13-64
activity#com.parrot.drone.groundsdkdemo.hud.CopterHudActivity
ADDED from src/main/AndroidManifest.xml:88:9-91:58
	android:screenOrientation
		ADDED from src/main/AndroidManifest.xml:90:13-50
	android:theme
		ADDED from src/main/AndroidManifest.xml:91:13-56
	android:name
		ADDED from src/main/AndroidManifest.xml:89:13-50
activity#com.parrot.drone.groundsdkdemo.peripheral.DroneFinderActivity
ADDED from src/main/AndroidManifest.xml:92:9-95:46
	android:label
		ADDED from src/main/AndroidManifest.xml:94:13-64
	android:theme
		ADDED from src/main/AndroidManifest.xml:95:13-44
	android:name
		ADDED from src/main/AndroidManifest.xml:93:13-59
activity#com.parrot.drone.groundsdkdemo.peripheral.VideoStreamActivity
ADDED from src/main/AndroidManifest.xml:96:9-98:58
	android:theme
		ADDED from src/main/AndroidManifest.xml:98:13-56
	android:name
		ADDED from src/main/AndroidManifest.xml:97:13-59
activity#com.parrot.drone.groundsdkdemo.peripheral.ThermalStreamActivity
ADDED from src/main/AndroidManifest.xml:99:9-101:58
	android:theme
		ADDED from src/main/AndroidManifest.xml:101:13-56
	android:name
		ADDED from src/main/AndroidManifest.xml:100:13-61
activity#com.parrot.drone.groundsdkdemo.peripheral.gamepad.GamepadSettingsActivity
ADDED from src/main/AndroidManifest.xml:102:9-105:46
	android:label
		ADDED from src/main/AndroidManifest.xml:104:13-64
	android:theme
		ADDED from src/main/AndroidManifest.xml:105:13-44
	android:name
		ADDED from src/main/AndroidManifest.xml:103:13-71
activity#com.parrot.drone.groundsdkdemo.peripheral.gamepad.GamepadGrabActivity
ADDED from src/main/AndroidManifest.xml:106:9-109:46
	android:label
		ADDED from src/main/AndroidManifest.xml:108:13-60
	android:theme
		ADDED from src/main/AndroidManifest.xml:109:13-44
	android:name
		ADDED from src/main/AndroidManifest.xml:107:13-67
activity#com.parrot.drone.groundsdkdemo.peripheral.gamepad.GamepadMappingsActivity
ADDED from src/main/AndroidManifest.xml:110:9-113:58
	android:label
		ADDED from src/main/AndroidManifest.xml:112:13-63
	android:theme
		ADDED from src/main/AndroidManifest.xml:113:13-56
	android:name
		ADDED from src/main/AndroidManifest.xml:111:13-71
activity#com.parrot.drone.groundsdkdemo.peripheral.gamepad.GamepadEditMappingActivity
ADDED from src/main/AndroidManifest.xml:114:9-116:46
	android:theme
		ADDED from src/main/AndroidManifest.xml:116:13-44
	android:name
		ADDED from src/main/AndroidManifest.xml:115:13-74
activity#com.parrot.drone.groundsdkdemo.peripheral.gamepad.GamepadAxesSetupActivity
ADDED from src/main/AndroidManifest.xml:117:9-120:58
	android:label
		ADDED from src/main/AndroidManifest.xml:119:13-66
	android:theme
		ADDED from src/main/AndroidManifest.xml:120:13-56
	android:name
		ADDED from src/main/AndroidManifest.xml:118:13-72
activity#com.parrot.drone.groundsdkdemo.settings.CopilotSettingsActivity
ADDED from src/main/AndroidManifest.xml:121:9-124:46
	android:label
		ADDED from src/main/AndroidManifest.xml:123:13-59
	android:theme
		ADDED from src/main/AndroidManifest.xml:124:13-44
	android:name
		ADDED from src/main/AndroidManifest.xml:122:13-61
activity#com.parrot.drone.groundsdkdemo.settings.PilotingControlSettingsActivity
ADDED from src/main/AndroidManifest.xml:125:9-128:46
	android:label
		ADDED from src/main/AndroidManifest.xml:127:13-68
	android:theme
		ADDED from src/main/AndroidManifest.xml:128:13-44
	android:name
		ADDED from src/main/AndroidManifest.xml:126:13-69
activity#com.parrot.drone.groundsdkdemo.peripheral.MediaStoreBrowserActivity
ADDED from src/main/AndroidManifest.xml:129:9-132:46
	android:label
		ADDED from src/main/AndroidManifest.xml:131:13-65
	android:theme
		ADDED from src/main/AndroidManifest.xml:132:13-44
	android:name
		ADDED from src/main/AndroidManifest.xml:130:13-65
activity#com.parrot.drone.groundsdkdemo.peripheral.DebugSettingsActivity
ADDED from src/main/AndroidManifest.xml:133:9-136:46
	android:label
		ADDED from src/main/AndroidManifest.xml:135:13-66
	android:theme
		ADDED from src/main/AndroidManifest.xml:136:13-44
	android:name
		ADDED from src/main/AndroidManifest.xml:134:13-61
activity#com.parrot.drone.groundsdkdemo.settings.FlightPlanSettingsActivity
ADDED from src/main/AndroidManifest.xml:137:9-140:46
	android:label
		ADDED from src/main/AndroidManifest.xml:139:13-72
	android:theme
		ADDED from src/main/AndroidManifest.xml:140:13-44
	android:name
		ADDED from src/main/AndroidManifest.xml:138:13-64
activity#com.parrot.drone.groundsdkdemo.edit.GuidedEditActivity
ADDED from src/main/AndroidManifest.xml:141:9-144:46
	android:label
		ADDED from src/main/AndroidManifest.xml:143:13-63
	android:theme
		ADDED from src/main/AndroidManifest.xml:144:13-44
	android:name
		ADDED from src/main/AndroidManifest.xml:142:13-52
activity#com.parrot.drone.groundsdkdemo.edit.PointOfInterestEditActivity
ADDED from src/main/AndroidManifest.xml:145:9-148:46
	android:label
		ADDED from src/main/AndroidManifest.xml:147:13-60
	android:theme
		ADDED from src/main/AndroidManifest.xml:148:13-44
	android:name
		ADDED from src/main/AndroidManifest.xml:146:13-61
activity#com.parrot.drone.groundsdkdemo.settings.FollowMeSettingsActivity
ADDED from src/main/AndroidManifest.xml:149:9-152:46
	android:label
		ADDED from src/main/AndroidManifest.xml:151:13-70
	android:theme
		ADDED from src/main/AndroidManifest.xml:152:13-44
	android:name
		ADDED from src/main/AndroidManifest.xml:150:13-62
activity#com.parrot.drone.groundsdkdemo.settings.WifiAccessPointSettingsActivity
ADDED from src/main/AndroidManifest.xml:153:9-156:46
	android:label
		ADDED from src/main/AndroidManifest.xml:155:13-68
	android:theme
		ADDED from src/main/AndroidManifest.xml:156:13-44
	android:name
		ADDED from src/main/AndroidManifest.xml:154:13-69
activity#com.parrot.drone.groundsdkdemo.settings.TargetTrackerSettingsActivity
ADDED from src/main/AndroidManifest.xml:157:9-160:46
	android:label
		ADDED from src/main/AndroidManifest.xml:159:13-75
	android:theme
		ADDED from src/main/AndroidManifest.xml:160:13-44
	android:name
		ADDED from src/main/AndroidManifest.xml:158:13-67
activity#com.parrot.drone.groundsdkdemo.settings.CameraSettingsActivity
ADDED from src/main/AndroidManifest.xml:162:9-165:46
	android:label
		ADDED from src/main/AndroidManifest.xml:164:13-67
	android:theme
		ADDED from src/main/AndroidManifest.xml:165:13-44
	android:name
		ADDED from src/main/AndroidManifest.xml:163:13-60
activity#com.parrot.drone.groundsdkdemo.settings.GimbalSettingsActivity
ADDED from src/main/AndroidManifest.xml:166:9-169:46
	android:label
		ADDED from src/main/AndroidManifest.xml:168:13-67
	android:theme
		ADDED from src/main/AndroidManifest.xml:169:13-44
	android:name
		ADDED from src/main/AndroidManifest.xml:167:13-60
activity#com.parrot.drone.groundsdkdemo.settings.GimbalOffsetsCorrectionActivity
ADDED from src/main/AndroidManifest.xml:170:9-173:46
	android:label
		ADDED from src/main/AndroidManifest.xml:172:13-77
	android:theme
		ADDED from src/main/AndroidManifest.xml:173:13-44
	android:name
		ADDED from src/main/AndroidManifest.xml:171:13-69
activity#com.parrot.drone.groundsdkdemo.peripheral.GimbalCalibrationActivity
ADDED from src/main/AndroidManifest.xml:174:9-177:46
	android:label
		ADDED from src/main/AndroidManifest.xml:176:13-70
	android:theme
		ADDED from src/main/AndroidManifest.xml:177:13-44
	android:name
		ADDED from src/main/AndroidManifest.xml:175:13-65
activity#com.parrot.drone.groundsdkdemo.settings.AntiFlickerSettingsActivity
ADDED from src/main/AndroidManifest.xml:179:9-182:46
	android:label
		ADDED from src/main/AndroidManifest.xml:181:13-72
	android:theme
		ADDED from src/main/AndroidManifest.xml:182:13-44
	android:name
		ADDED from src/main/AndroidManifest.xml:180:13-65
activity#com.parrot.drone.groundsdkdemo.settings.GeofenceSettingsActivity
ADDED from src/main/AndroidManifest.xml:184:9-187:46
	android:label
		ADDED from src/main/AndroidManifest.xml:186:13-69
	android:theme
		ADDED from src/main/AndroidManifest.xml:187:13-44
	android:name
		ADDED from src/main/AndroidManifest.xml:185:13-62
activity#com.parrot.drone.groundsdkdemo.settings.LedsSettingsActivity
ADDED from src/main/AndroidManifest.xml:189:9-192:46
	android:label
		ADDED from src/main/AndroidManifest.xml:191:13-65
	android:theme
		ADDED from src/main/AndroidManifest.xml:192:13-44
	android:name
		ADDED from src/main/AndroidManifest.xml:190:13-58
activity#com.parrot.drone.groundsdkdemo.facility.FirmwareManagerActivity
ADDED from src/main/AndroidManifest.xml:194:9-197:46
	android:label
		ADDED from src/main/AndroidManifest.xml:196:13-68
	android:theme
		ADDED from src/main/AndroidManifest.xml:197:13-44
	android:name
		ADDED from src/main/AndroidManifest.xml:195:13-61
activity#com.parrot.drone.groundsdkdemo.settings.PreciseHomeSettingsActivity
ADDED from src/main/AndroidManifest.xml:199:9-202:46
	android:label
		ADDED from src/main/AndroidManifest.xml:201:13-73
	android:theme
		ADDED from src/main/AndroidManifest.xml:202:13-44
	android:name
		ADDED from src/main/AndroidManifest.xml:200:13-65
activity#com.parrot.drone.groundsdkdemo.settings.ThermalSettingsActivity
ADDED from src/main/AndroidManifest.xml:204:9-207:46
	android:label
		ADDED from src/main/AndroidManifest.xml:206:13-68
	android:theme
		ADDED from src/main/AndroidManifest.xml:207:13-44
	android:name
		ADDED from src/main/AndroidManifest.xml:205:13-61
activity#com.parrot.drone.groundsdkdemo.facility.UserAccountActivity
ADDED from src/main/AndroidManifest.xml:209:9-212:46
	android:label
		ADDED from src/main/AndroidManifest.xml:211:13-64
	android:theme
		ADDED from src/main/AndroidManifest.xml:212:13-44
	android:name
		ADDED from src/main/AndroidManifest.xml:210:13-57
activity#com.parrot.drone.groundsdkdemo.peripheral.MediaReplayActivity
ADDED from src/main/AndroidManifest.xml:214:9-216:58
	android:theme
		ADDED from src/main/AndroidManifest.xml:216:13-56
	android:name
		ADDED from src/main/AndroidManifest.xml:215:13-59
activity#com.parrot.drone.groundsdkdemo.hud.HmdActivity
ADDED from src/main/AndroidManifest.xml:218:9-220:57
	android:theme
		ADDED from src/main/AndroidManifest.xml:220:13-55
	android:name
		ADDED from src/main/AndroidManifest.xml:219:13-44
activity#com.parrot.drone.groundsdkdemo.settings.DriSettingsActivity
ADDED from src/main/AndroidManifest.xml:222:9-225:46
	android:label
		ADDED from src/main/AndroidManifest.xml:224:13-64
	android:theme
		ADDED from src/main/AndroidManifest.xml:225:13-44
	android:name
		ADDED from src/main/AndroidManifest.xml:223:13-57
meta-data#com.google.android.geo.API_KEY
ADDED from src/main/AndroidManifest.xml:227:9-229:66
	android:value
		ADDED from src/main/AndroidManifest.xml:229:13-64
	android:name
		ADDED from src/main/AndroidManifest.xml:228:13-58
uses-sdk
INJECTED from src/main/AndroidManifest.xml reason: use-sdk injection requested
INJECTED from src/main/AndroidManifest.xml
INJECTED from src/main/AndroidManifest.xml
MERGED from [:arsdkengine] AndroidManifest.xml:39:5-41:41
MERGED from [:arsdkengine] AndroidManifest.xml:39:5-41:41
MERGED from [:groundsdk] AndroidManifest.xml:39:5-41:41
MERGED from [:groundsdk] AndroidManifest.xml:39:5-41:41
MERGED from [:sdkcore] AndroidManifest.xml:39:5-41:41
MERGED from [:sdkcore] AndroidManifest.xml:39:5-41:41
MERGED from [com.google.android.material:material:1.3.0] AndroidManifest.xml:20:5-44
MERGED from [com.google.android.material:material:1.3.0] AndroidManifest.xml:20:5-44
MERGED from [androidx.dynamicanimation:dynamicanimation:1.0.0] AndroidManifest.xml:20:5-44
MERGED from [androidx.dynamicanimation:dynamicanimation:1.0.0] AndroidManifest.xml:20:5-44
MERGED from [androidx.legacy:legacy-support-core-utils:1.0.0] AndroidManifest.xml:20:5-44
MERGED from [androidx.legacy:legacy-support-core-utils:1.0.0] AndroidManifest.xml:20:5-44
MERGED from [androidx.localbroadcastmanager:localbroadcastmanager:1.0.0] AndroidManifest.xml:20:5-44
MERGED from [androidx.localbroadcastmanager:localbroadcastmanager:1.0.0] AndroidManifest.xml:20:5-44
MERGED from [com.google.android.gms:play-services-location:17.0.0] AndroidManifest.xml:5:5-44
MERGED from [com.google.android.gms:play-services-location:17.0.0] AndroidManifest.xml:5:5-44
MERGED from [com.google.android.gms:play-services-maps:17.0.0] AndroidManifest.xml:20:5-44
MERGED from [com.google.android.gms:play-services-maps:17.0.0] AndroidManifest.xml:20:5-44
MERGED from [androidx.constraintlayout:constraintlayout:2.0.4] AndroidManifest.xml:5:5-7:41
MERGED from [androidx.constraintlayout:constraintlayout:2.0.4] AndroidManifest.xml:5:5-7:41
MERGED from [androidx.swiperefreshlayout:swiperefreshlayout:1.1.0] AndroidManifest.xml:20:5-22:41
MERGED from [androidx.swiperefreshlayout:swiperefreshlayout:1.1.0] AndroidManifest.xml:20:5-22:41
MERGED from [androidx.appcompat:appcompat:1.2.0] AndroidManifest.xml:20:5-22:41
MERGED from [androidx.appcompat:appcompat:1.2.0] AndroidManifest.xml:20:5-22:41
MERGED from [com.google.android.gms:play-services-base:17.0.0] AndroidManifest.xml:20:5-44
MERGED from [com.google.android.gms:play-services-base:17.0.0] AndroidManifest.xml:20:5-44
MERGED from [com.google.android.gms:play-services-places-placereport:17.0.0] AndroidManifest.xml:20:5-44
MERGED from [com.google.android.gms:play-services-places-placereport:17.0.0] AndroidManifest.xml:20:5-44
MERGED from [com.google.android.gms:play-services-tasks:17.0.0] AndroidManifest.xml:5:5-44
MERGED from [com.google.android.gms:play-services-tasks:17.0.0] AndroidManifest.xml:5:5-44
MERGED from [com.google.android.gms:play-services-basement:17.0.0] AndroidManifest.xml:20:5-44
MERGED from [com.google.android.gms:play-services-basement:17.0.0] AndroidManifest.xml:20:5-44
MERGED from [androidx.coordinatorlayout:coordinatorlayout:1.1.0] AndroidManifest.xml:20:5-22:41
MERGED from [androidx.coordinatorlayout:coordinatorlayout:1.1.0] AndroidManifest.xml:20:5-22:41
MERGED from [androidx.transition:transition:1.2.0] AndroidManifest.xml:20:5-22:41
MERGED from [androidx.transition:transition:1.2.0] AndroidManifest.xml:20:5-22:41
MERGED from [androidx.appcompat:appcompat-resources:1.2.0] AndroidManifest.xml:20:5-22:41
MERGED from [androidx.appcompat:appcompat-resources:1.2.0] AndroidManifest.xml:20:5-22:41
MERGED from [androidx.vectordrawable:vectordrawable-animated:1.1.0] AndroidManifest.xml:20:5-22:41
MERGED from [androidx.vectordrawable:vectordrawable-animated:1.1.0] AndroidManifest.xml:20:5-22:41
MERGED from [androidx.vectordrawable:vectordrawable:1.1.0] AndroidManifest.xml:20:5-22:41
MERGED from [androidx.vectordrawable:vectordrawable:1.1.0] AndroidManifest.xml:20:5-22:41
MERGED from [androidx.viewpager2:viewpager2:1.0.0] AndroidManifest.xml:20:5-22:41
MERGED from [androidx.viewpager2:viewpager2:1.0.0] AndroidManifest.xml:20:5-22:41
MERGED from [androidx.fragment:fragment:1.1.0] AndroidManifest.xml:20:5-22:41
MERGED from [androidx.fragment:fragment:1.1.0] AndroidManifest.xml:20:5-22:41
MERGED from [androidx.loader:loader:1.0.0] AndroidManifest.xml:20:5-44
MERGED from [androidx.loader:loader:1.0.0] AndroidManifest.xml:20:5-44
MERGED from [androidx.drawerlayout:drawerlayout:1.0.0] AndroidManifest.xml:20:5-44
MERGED from [androidx.drawerlayout:drawerlayout:1.0.0] AndroidManifest.xml:20:5-44
MERGED from [androidx.recyclerview:recyclerview:1.1.0] AndroidManifest.xml:20:5-22:41
MERGED from [androidx.recyclerview:recyclerview:1.1.0] AndroidManifest.xml:20:5-22:41
MERGED from [androidx.viewpager:viewpager:1.0.0] AndroidManifest.xml:20:5-44
MERGED from [androidx.viewpager:viewpager:1.0.0] AndroidManifest.xml:20:5-44
MERGED from [androidx.customview:customview:1.0.0] AndroidManifest.xml:20:5-44
MERGED from [androidx.customview:customview:1.0.0] AndroidManifest.xml:20:5-44
MERGED from [androidx.activity:activity:1.0.0] AndroidManifest.xml:20:5-22:41
MERGED from [androidx.activity:activity:1.0.0] AndroidManifest.xml:20:5-22:41
MERGED from [androidx.core:core:1.3.1] AndroidManifest.xml:20:5-22:41
MERGED from [androidx.core:core:1.3.1] AndroidManifest.xml:20:5-22:41
MERGED from [androidx.interpolator:interpolator:1.0.0] AndroidManifest.xml:20:5-44
MERGED from [androidx.interpolator:interpolator:1.0.0] AndroidManifest.xml:20:5-44
MERGED from [androidx.cardview:cardview:1.0.0] AndroidManifest.xml:20:5-44
MERGED from [androidx.cardview:cardview:1.0.0] AndroidManifest.xml:20:5-44
MERGED from [androidx.cursoradapter:cursoradapter:1.0.0] AndroidManifest.xml:20:5-44
MERGED from [androidx.cursoradapter:cursoradapter:1.0.0] AndroidManifest.xml:20:5-44
MERGED from [androidx.versionedparcelable:versionedparcelable:1.1.0] AndroidManifest.xml:20:5-22:41
MERGED from [androidx.versionedparcelable:versionedparcelable:1.1.0] AndroidManifest.xml:20:5-22:41
MERGED from [androidx.documentfile:documentfile:1.0.0] AndroidManifest.xml:20:5-44
MERGED from [androidx.documentfile:documentfile:1.0.0] AndroidManifest.xml:20:5-44
MERGED from [androidx.print:print:1.0.0] AndroidManifest.xml:20:5-44
MERGED from [androidx.print:print:1.0.0] AndroidManifest.xml:20:5-44
MERGED from [androidx.lifecycle:lifecycle-livedata:2.0.0] AndroidManifest.xml:20:5-44
MERGED from [androidx.lifecycle:lifecycle-livedata:2.0.0] AndroidManifest.xml:20:5-44
MERGED from [androidx.lifecycle:lifecycle-livedata-core:2.0.0] AndroidManifest.xml:20:5-44
MERGED from [androidx.lifecycle:lifecycle-livedata-core:2.0.0] AndroidManifest.xml:20:5-44
MERGED from [androidx.arch.core:core-runtime:2.0.0] AndroidManifest.xml:20:5-44
MERGED from [androidx.arch.core:core-runtime:2.0.0] AndroidManifest.xml:20:5-44
MERGED from [androidx.lifecycle:lifecycle-runtime:2.1.0] AndroidManifest.xml:20:5-44
MERGED from [androidx.lifecycle:lifecycle-runtime:2.1.0] AndroidManifest.xml:20:5-44
MERGED from [androidx.lifecycle:lifecycle-viewmodel:2.1.0] AndroidManifest.xml:20:5-44
MERGED from [androidx.lifecycle:lifecycle-viewmodel:2.1.0] AndroidManifest.xml:20:5-44
MERGED from [androidx.savedstate:savedstate:1.0.0] AndroidManifest.xml:20:5-22:41
MERGED from [androidx.savedstate:savedstate:1.0.0] AndroidManifest.xml:20:5-22:41
MERGED from [androidx.annotation:annotation-experimental:1.0.0] AndroidManifest.xml:20:5-22:41
MERGED from [androidx.annotation:annotation-experimental:1.0.0] AndroidManifest.xml:20:5-22:41
INJECTED from src/main/AndroidManifest.xml
INJECTED from src/main/AndroidManifest.xml
	android:targetSdkVersion
		INJECTED from src/main/AndroidManifest.xml
		ADDED from src/main/AndroidManifest.xml
		INJECTED from src/main/AndroidManifest.xml
	android:minSdkVersion
		INJECTED from src/main/AndroidManifest.xml
		ADDED from src/main/AndroidManifest.xml
		INJECTED from src/main/AndroidManifest.xml
uses-permission#android.permission.INTERNET
ADDED from [:arsdkengine] AndroidManifest.xml:43:5-67
MERGED from [:sdkcore] AndroidManifest.xml:43:5-67
MERGED from [:sdkcore] AndroidManifest.xml:43:5-67
MERGED from [com.google.android.gms:play-services-maps:17.0.0] AndroidManifest.xml:24:5-67
MERGED from [com.google.android.gms:play-services-maps:17.0.0] AndroidManifest.xml:24:5-67
	android:name
		ADDED from [:arsdkengine] AndroidManifest.xml:43:22-64
meta-data#com.parrot.drone.groundsdk.engine.arsdkengine
ADDED from [:arsdkengine] AndroidManifest.xml:48:9-50:82
	android:value